Arguments: 
  C:\Program Files\nodejs\node.exe C:\Program Files (x86)\Yarn\bin\yarn.js add -D @types/tplink-smarthome-api

PATH: 
  C:\Users\Alex\bin;C:\Program Files\Git\mingw64\bin;C:\Program Files\Git\usr\local\bin;C:\Program Files\Git\usr\bin;C:\Program Files\Git\usr\bin;C:\Program Files\Git\mingw64\bin;C:\Program Files\Git\usr\bin;C:\Users\Alex\bin;C:\Program Files (x86)\Common Files\Oracle\Java\javapath;C:\Windows\system32;C:\Windows;C:\Windows\System32\Wbem;C:\Windows\System32\WindowsPowerShell\v1.0;C:\Program Files\Git\cmd;C:\Program Files\nodejs;C:\Program Files (x86)\NVIDIA Corporation\PhysX\Common;C:\Program Files\PuTTY;C:\MAMP\bin\php\php7.2.10;C:\ProgramData\ComposerSetup\bin;C:\Program Files (x86)\Brackets\command;C:\Program Files (x86)\Yarn\bin;C:\Users\Alex\AppData\Local\Microsoft\WindowsApps;C:\Users\Alex\AppData\Local\Programs\Microsoft VS Code\bin;C:\Users\Alex\AppData\Roaming\npm;C:\Users\Alex\AppData\Roaming\Composer\vendor\bin;C:\Users\Alex\AppData\Local\Yarn\bin;C:\Program Files\MongoDB\Server\4.2\bin;C:\Program Files\Git\usr\bin\vendor_perl;C:\Program Files\Git\usr\bin\core_perl

Yarn version: 
  1.19.0

Node version: 
  10.16.0

Platform: 
  win32 x64

Trace: 
  Error: https://registry.yarnpkg.com/@types%2ftplink-smarthome-api: Not found
      at Request.params.callback [as _callback] (C:\Program Files (x86)\Yarn\lib\cli.js:66027:18)
      at Request.self.callback (C:\Program Files (x86)\Yarn\lib\cli.js:140539:22)
      at Request.emit (events.js:198:13)
      at Request.<anonymous> (C:\Program Files (x86)\Yarn\lib\cli.js:141511:10)
      at Request.emit (events.js:198:13)
      at IncomingMessage.<anonymous> (C:\Program Files (x86)\Yarn\lib\cli.js:141433:12)
      at Object.onceWrapper (events.js:286:20)
      at IncomingMessage.emit (events.js:203:15)
      at endReadableNT (_stream_readable.js:1129:12)
      at process._tickCallback (internal/process/next_tick.js:63:19)

npm manifest: 
  {
    "name": "tplink",
    "version": "1.0.0",
    "main": "index.js",
    "license": "MIT",
    "scripts": {
      "start": "tsc --project ./ && node dist/server.js"
    },
    "dependencies": {
      "tplink-smarthome-api": "^1.2.0",
      "typescript": "^3.7.0-beta"
    }
  }

yarn manifest: 
  No manifest

Lockfile: 
  # THIS IS AN AUTOGENERATED FILE. DO NOT EDIT THIS FILE DIRECTLY.
  # yarn lockfile v1
  
  
  commander@^2.19.0:
    version "2.20.3"
    resolved "https://registry.yarnpkg.com/commander/-/commander-2.20.3.tgz#fd485e84c03eb4881c20722ba48035e8531aeb33"
    integrity sha512-GpVkmM8vF2vQUkj2LvZmD35JxeJOLCwJ9cUkugyk2nuhbv3+mJvpLYYt+0+USMxE+oj+ey/lJEnhZw75x/OMcQ==
  
  lodash.castarray@^4.4.0:
    version "4.4.0"
    resolved "https://registry.yarnpkg.com/lodash.castarray/-/lodash.castarray-4.4.0.tgz#c02513515e309daddd4c24c60cfddcf5976d9115"
    integrity sha1-wCUTUV4wna3dTCTGDP3c9ZdtkRU=
  
  lodash.defaultto@^4.14.0:
    version "4.14.0"
    resolved "https://registry.yarnpkg.com/lodash.defaultto/-/lodash.defaultto-4.14.0.tgz#38bd3d425acee733e0e2bbbd4e4b29711cc2ee11"
    integrity sha1-OL09QlrO5zPg4ru9TkspcRzC7hE=
  
  lodash.groupby@^4.6.0:
    version "4.6.0"
    resolved "https://registry.yarnpkg.com/lodash.groupby/-/lodash.groupby-4.6.0.tgz#0b08a1dcf68397c397855c3239783832df7403d1"
    integrity sha1-Cwih3PaDl8OXhVwyOXg4Mt90A9E=
  
  lodash.isequal@^4.5.0:
    version "4.5.0"
    resolved "https://registry.yarnpkg.com/lodash.isequal/-/lodash.isequal-4.5.0.tgz#415c4478f2bcc30120c22ce10ed3226f7d3e18e0"
    integrity sha1-QVxEePK8wwEgwizhDtMib30+GOA=
  
  loglevel@^1.6.1:
    version "1.6.4"
    resolved "https://registry.yarnpkg.com/loglevel/-/loglevel-1.6.4.tgz#f408f4f006db8354d0577dcf6d33485b3cb90d56"
    integrity sha512-p0b6mOGKcGa+7nnmKbpzR6qloPbrgLcnio++E+14Vo/XffOGwZtRpUhr8dTH/x2oCMmEoIU0Zwm3ZauhvYD17g==
  
  tplink-smarthome-api@^1.2.0:
    version "1.2.0"
    resolved "https://registry.yarnpkg.com/tplink-smarthome-api/-/tplink-smarthome-api-1.2.0.tgz#fffe2badbd346236c4f048ff068cdc10d8fcc893"
    integrity sha512-OcZsT+fLqlydSTFc/5WHfBmpDstlS4uXEVpj4/TyVZf9L0z4hy1r2E5eTl/nBvriKxUQ6efAu+BlxWZcJO3xzA==
    dependencies:
      commander "^2.19.0"
      lodash.castarray "^4.4.0"
      lodash.defaultto "^4.14.0"
      lodash.groupby "^4.6.0"
      lodash.isequal "^4.5.0"
      loglevel "^1.6.1"
      tplink-smarthome-crypto "^1.0.0"
  
  tplink-smarthome-crypto@^1.0.0:
    version "1.0.0"
    resolved "https://registry.yarnpkg.com/tplink-smarthome-crypto/-/tplink-smarthome-crypto-1.0.0.tgz#8bfe8036ce4310d81b626e72fef12059f5182ded"
    integrity sha512-ZHtQscQ6psEGDVnN5C8OtNgVK/L4H5l5GoFTA2L0qn2UtjcHbGn2aA3caxvrpRUvPiYd7yBXsQKoywv9XxKDhA==
  
  typescript@^3.7.0-beta:
    version "3.7.0-beta"
    resolved "https://registry.yarnpkg.com/typescript/-/typescript-3.7.0-beta.tgz#4ad556e0eee14b90ecc39261001690e16e5eeba9"
    integrity sha512-4jyCX+IQamrPJxgkABPq9xf+hUN+GWHVxoj+oey1TadCPa4snQl1RKwUba+1dyzYCamwlCxKvZQ3TjyWLhMGBA==
